  hw4_BN_QRNG.cpp
  The contents of <concepts> are available only with C++20 concepts support.
C:\Supernova\#4_GIST\SeJunior\2nd Semester\과학계산 프로그래밍\Hw_SC\기말 과제\GitHub_upload_001\hw4_BN_QRNG\quasirand.hpp(12,1): error C2429: 언어 기능 'nested-namespace-definition'에 컴파일러 플래그 '/std:c++17'이(가) 필요합니다.
C:\Supernova\#4_GIST\SeJunior\2nd Semester\과학계산 프로그래밍\Hw_SC\기말 과제\GitHub_upload_001\hw4_BN_QRNG\quasirand.hpp(14,19): error C2039: 'floating_point': 'std'의 멤버가 아닙니다.
C:\Program Files (x86)\Microsoft Visual Studio\2019\Community\VC\Tools\MSVC\14.29.30133\include\vector(24): message : 'std' 선언을 참조하십시오.
C:\Supernova\#4_GIST\SeJunior\2nd Semester\과학계산 프로그래밍\Hw_SC\기말 과제\GitHub_upload_001\hw4_BN_QRNG\quasirand.hpp(14,34): error C2061: 구문 오류: 식별자 'floating_point'
C:\Supernova\#4_GIST\SeJunior\2nd Semester\과학계산 프로그래밍\Hw_SC\기말 과제\GitHub_upload_001\hw4_BN_QRNG\quasirand.hpp(15,14): error C2061: 구문 오류: 식별자 'phi'
C:\Supernova\#4_GIST\SeJunior\2nd Semester\과학계산 프로그래밍\Hw_SC\기말 과제\GitHub_upload_001\hw4_BN_QRNG\quasirand.hpp(22,34): error C7525: 인라인 변수에는 '/std:c++17' 이상이 필요합니다.
C:\Supernova\#4_GIST\SeJunior\2nd Semester\과학계산 프로그래밍\Hw_SC\기말 과제\GitHub_upload_001\hw4_BN_QRNG\quasirand.hpp(30,36): error C2039: 'floating_point': 'std'의 멤버가 아닙니다.
C:\Program Files (x86)\Microsoft Visual Studio\2019\Community\VC\Tools\MSVC\14.29.30133\include\vector(24): message : 'std' 선언을 참조하십시오.
C:\Supernova\#4_GIST\SeJunior\2nd Semester\과학계산 프로그래밍\Hw_SC\기말 과제\GitHub_upload_001\hw4_BN_QRNG\quasirand.hpp(30,51): error C2061: 구문 오류: 식별자 'floating_point'
C:\Supernova\#4_GIST\SeJunior\2nd Semester\과학계산 프로그래밍\Hw_SC\기말 과제\GitHub_upload_001\hw4_BN_QRNG\quasirand.hpp(34,40): error C2065: 'RealType': 선언되지 않은 식별자입니다.
C:\Supernova\#4_GIST\SeJunior\2nd Semester\과학계산 프로그래밍\Hw_SC\기말 과제\GitHub_upload_001\hw4_BN_QRNG\quasirand.hpp(69): message : 컴파일되는 클래스 템플릿 인스턴스화 'quasirand::QuasiRandom<Dim>'에 대한 참조를 확인하세요.
C:\Supernova\#4_GIST\SeJunior\2nd Semester\과학계산 프로그래밍\Hw_SC\기말 과제\GitHub_upload_001\hw4_BN_QRNG\quasirand.hpp(34,34): error C2923: 'std::array': 'RealType'은(는) '_Ty' 매개 변수에 대한 올바른 템플릿 형식 인수가 아닙니다.
C:\Supernova\#4_GIST\SeJunior\2nd Semester\과학계산 프로그래밍\Hw_SC\기말 과제\GitHub_upload_001\hw4_BN_QRNG\quasirand.hpp(34): message : 'RealType' 선언을 참조하십시오.
C:\Supernova\#4_GIST\SeJunior\2nd Semester\과학계산 프로그래밍\Hw_SC\기말 과제\GitHub_upload_001\hw4_BN_QRNG\quasirand.hpp(35,40): error C2065: 'RealType': 선언되지 않은 식별자입니다.
C:\Supernova\#4_GIST\SeJunior\2nd Semester\과학계산 프로그래밍\Hw_SC\기말 과제\GitHub_upload_001\hw4_BN_QRNG\quasirand.hpp(35,34): error C2923: 'std::array': 'RealType'은(는) '_Ty' 매개 변수에 대한 올바른 템플릿 형식 인수가 아닙니다.
C:\Supernova\#4_GIST\SeJunior\2nd Semester\과학계산 프로그래밍\Hw_SC\기말 과제\GitHub_upload_001\hw4_BN_QRNG\quasirand.hpp(35): message : 'RealType' 선언을 참조하십시오.
C:\Supernova\#4_GIST\SeJunior\2nd Semester\과학계산 프로그래밍\Hw_SC\기말 과제\GitHub_upload_001\hw4_BN_QRNG\quasirand.hpp(42,30): error C2061: 구문 오류: 식별자 'RealType'
C:\Supernova\#4_GIST\SeJunior\2nd Semester\과학계산 프로그래밍\Hw_SC\기말 과제\GitHub_upload_001\hw4_BN_QRNG\quasirand.hpp(42,9): error C2382: 'quasirand::QuasiRandom<Dim>::QuasiRandom': 재정의. 예외 사양이 다릅니다.
C:\Supernova\#4_GIST\SeJunior\2nd Semester\과학계산 프로그래밍\Hw_SC\기말 과제\GitHub_upload_001\hw4_BN_QRNG\quasirand.hpp(39): message : 'quasirand::QuasiRandom<Dim>::QuasiRandom' 선언을 참조하십시오.
C:\Supernova\#4_GIST\SeJunior\2nd Semester\과학계산 프로그래밍\Hw_SC\기말 과제\GitHub_upload_001\hw4_BN_QRNG\quasirand.hpp(59,30): error C2061: 구문 오류: 식별자 'RealType'
C:\Supernova\#4_GIST\SeJunior\2nd Semester\과학계산 프로그래밍\Hw_SC\기말 과제\GitHub_upload_001\hw4_BN_QRNG\quasirand.hpp(59,24): error C2382: 'quasirand::QuasiRandom<Dim>::reset': 재정의. 예외 사양이 다릅니다.
C:\Supernova\#4_GIST\SeJunior\2nd Semester\과학계산 프로그래밍\Hw_SC\기말 과제\GitHub_upload_001\hw4_BN_QRNG\quasirand.hpp(56): message : 'quasirand::QuasiRandom<Dim>::reset' 선언을 참조하십시오.
C:\Supernova\#4_GIST\SeJunior\2nd Semester\과학계산 프로그래밍\Hw_SC\기말 과제\GitHub_upload_001\hw4_BN_QRNG\quasirand.hpp(66,18): error C3646: 'seed_': 알 수 없는 재정의 지정자입니다.
C:\Supernova\#4_GIST\SeJunior\2nd Semester\과학계산 프로그래밍\Hw_SC\기말 과제\GitHub_upload_001\hw4_BN_QRNG\quasirand.hpp(66,1): error C4430: 형식 지정자가 없습니다. int로 가정합니다. 참고: C++에서는 기본 int를 지원하지 않습니다.
C:\Supernova\#4_GIST\SeJunior\2nd Semester\과학계산 프로그래밍\Hw_SC\기말 과제\GitHub_upload_001\hw4_BN_QRNG\quasirand.hpp(72,19): error C2039: 'floating_point': 'std'의 멤버가 아닙니다.
C:\Program Files (x86)\Microsoft Visual Studio\2019\Community\VC\Tools\MSVC\14.29.30133\include\vector(24): message : 'std' 선언을 참조하십시오.
C:\Supernova\#4_GIST\SeJunior\2nd Semester\과학계산 프로그래밍\Hw_SC\기말 과제\GitHub_upload_001\hw4_BN_QRNG\quasirand.hpp(72,34): error C2061: 구문 오류: 식별자 'floating_point'
C:\Supernova\#4_GIST\SeJunior\2nd Semester\과학계산 프로그래밍\Hw_SC\기말 과제\GitHub_upload_001\hw4_BN_QRNG\quasirand.hpp(73,26): error C2065: 'RealType': 선언되지 않은 식별자입니다.
C:\Supernova\#4_GIST\SeJunior\2nd Semester\과학계산 프로그래밍\Hw_SC\기말 과제\GitHub_upload_001\hw4_BN_QRNG\quasirand.hpp(73,35): error C2977: 'quasirand::QuasiRandom': 템플릿 인수가 너무 많습니다.
C:\Supernova\#4_GIST\SeJunior\2nd Semester\과학계산 프로그래밍\Hw_SC\기말 과제\GitHub_upload_001\hw4_BN_QRNG\quasirand.hpp(32): message : 'quasirand::QuasiRandom' 선언을 참조하십시오.
C:\Supernova\#4_GIST\SeJunior\2nd Semester\과학계산 프로그래밍\Hw_SC\기말 과제\GitHub_upload_001\hw4_BN_QRNG\quasirand.hpp(73,35): error C2913: 명시적 특수화. 'quasirand::QuasiRandom'이(가) 클래스 템플릿의 특수화가 아닙니다.
C:\Supernova\#4_GIST\SeJunior\2nd Semester\과학계산 프로그래밍\Hw_SC\기말 과제\GitHub_upload_001\hw4_BN_QRNG\quasirand.hpp(79,19): error C2039: 'floating_point': 'std'의 멤버가 아닙니다.
C:\Program Files (x86)\Microsoft Visual Studio\2019\Community\VC\Tools\MSVC\14.29.30133\include\vector(24): message : 'std' 선언을 참조하십시오.
C:\Supernova\#4_GIST\SeJunior\2nd Semester\과학계산 프로그래밍\Hw_SC\기말 과제\GitHub_upload_001\hw4_BN_QRNG\quasirand.hpp(79,34): error C2061: 구문 오류: 식별자 'floating_point'
C:\Supernova\#4_GIST\SeJunior\2nd Semester\과학계산 프로그래밍\Hw_SC\기말 과제\GitHub_upload_001\hw4_BN_QRNG\quasirand.hpp(80,32): error C2065: 'RealType': 선언되지 않은 식별자입니다.
C:\Supernova\#4_GIST\SeJunior\2nd Semester\과학계산 프로그래밍\Hw_SC\기말 과제\GitHub_upload_001\hw4_BN_QRNG\quasirand.hpp(113,6): error C2913: 명시적 특수화. 'quasirand::QuasiRandom'이(가) 클래스 템플릿의 특수화가 아닙니다.
C:\Supernova\#4_GIST\SeJunior\2nd Semester\과학계산 프로그래밍\Hw_SC\기말 과제\GitHub_upload_001\hw4_BN_QRNG\quasirand.hpp(117,29): error C2146: 구문 오류: ')'이(가) 'dim' 식별자 앞에 없습니다.
C:\Supernova\#4_GIST\SeJunior\2nd Semester\과학계산 프로그래밍\Hw_SC\기말 과제\GitHub_upload_001\hw4_BN_QRNG\quasirand.hpp(117,32): error C2226: 구문 오류: 예기치 않은 형식 'size_t'입니다.
C:\Supernova\#4_GIST\SeJunior\2nd Semester\과학계산 프로그래밍\Hw_SC\기말 과제\GitHub_upload_001\hw4_BN_QRNG\quasirand.hpp(117,29): error C2146: 구문 오류: ';'이(가) 'dim' 식별자 앞에 없습니다.
C:\Supernova\#4_GIST\SeJunior\2nd Semester\과학계산 프로그래밍\Hw_SC\기말 과제\GitHub_upload_001\hw4_BN_QRNG\quasirand.hpp(117,32): error C2059: 구문 오류: ')'
C:\Supernova\#4_GIST\SeJunior\2nd Semester\과학계산 프로그래밍\Hw_SC\기말 과제\GitHub_upload_001\hw4_BN_QRNG\quasirand.hpp(117,34): error C3927: '->': 후행 반환 형식은 비함수 선언자 뒤에 올 수 없습니다.
C:\Supernova\#4_GIST\SeJunior\2nd Semester\과학계산 프로그래밍\Hw_SC\기말 과제\GitHub_upload_001\hw4_BN_QRNG\quasirand.hpp(117,65): error C4430: 형식 지정자가 없습니다. int로 가정합니다. 참고: C++에서는 기본 int를 지원하지 않습니다.
C:\Supernova\#4_GIST\SeJunior\2nd Semester\과학계산 프로그래밍\Hw_SC\기말 과제\GitHub_upload_001\hw4_BN_QRNG\quasirand.hpp(119,19): error C2039: 'floating_point': 'std'의 멤버가 아닙니다.
C:\Program Files (x86)\Microsoft Visual Studio\2019\Community\VC\Tools\MSVC\14.29.30133\include\vector(24): message : 'std' 선언을 참조하십시오.
C:\Supernova\#4_GIST\SeJunior\2nd Semester\과학계산 프로그래밍\Hw_SC\기말 과제\GitHub_upload_001\hw4_BN_QRNG\quasirand.hpp(119,34): error C2061: 구문 오류: 식별자 'floating_point'
C:\Supernova\#4_GIST\SeJunior\2nd Semester\과학계산 프로그래밍\Hw_SC\기말 과제\GitHub_upload_001\hw4_BN_QRNG\quasirand.hpp(120,29): error C2146: 구문 오류: ')'이(가) 'dim' 식별자 앞에 없습니다.
C:\Supernova\#4_GIST\SeJunior\2nd Semester\과학계산 프로그래밍\Hw_SC\기말 과제\GitHub_upload_001\hw4_BN_QRNG\quasirand.hpp(120,5): error C2226: 구문 오류: 예기치 않은 형식 'size_t'입니다.
C:\Supernova\#4_GIST\SeJunior\2nd Semester\과학계산 프로그래밍\Hw_SC\기말 과제\GitHub_upload_001\hw4_BN_QRNG\quasirand.hpp(120,29): error C2061: 구문 오류: 식별자 'dim'
C:\Supernova\#4_GIST\SeJunior\2nd Semester\과학계산 프로그래밍\Hw_SC\기말 과제\GitHub_upload_001\hw4_BN_QRNG\quasirand.hpp(120,5): error C2059: 구문 오류: ')'
C:\Supernova\#4_GIST\SeJunior\2nd Semester\과학계산 프로그래밍\Hw_SC\기말 과제\GitHub_upload_001\hw4_BN_QRNG\quasirand.hpp(120,73): error C2065: 'RealType': 선언되지 않은 식별자입니다.
C:\Supernova\#4_GIST\SeJunior\2nd Semester\과학계산 프로그래밍\Hw_SC\기말 과제\GitHub_upload_001\hw4_BN_QRNG\quasirand.hpp(136,36): error C2039: 'floating_point': 'std'의 멤버가 아닙니다.
C:\Program Files (x86)\Microsoft Visual Studio\2019\Community\VC\Tools\MSVC\14.29.30133\include\tuple(24): message : 'std' 선언을 참조하십시오.
C:\Supernova\#4_GIST\SeJunior\2nd Semester\과학계산 프로그래밍\Hw_SC\기말 과제\GitHub_upload_001\hw4_BN_QRNG\quasirand.hpp(136,51): error C2061: 구문 오류: 식별자 'floating_point'
C:\Supernova\#4_GIST\SeJunior\2nd Semester\과학계산 프로그래밍\Hw_SC\기말 과제\GitHub_upload_001\hw4_BN_QRNG\quasirand.hpp(137,22): error C2065: 'RealType': 선언되지 않은 식별자입니다.
C:\Supernova\#4_GIST\SeJunior\2nd Semester\과학계산 프로그래밍\Hw_SC\기말 과제\GitHub_upload_001\hw4_BN_QRNG\quasirand.hpp(137,56): error C2244: 'quasirand::QuasiRandom::QuasiRandom': 함수 정의를 기존 선언과 일치시킬 수 없습니다.
C:\Supernova\#4_GIST\SeJunior\2nd Semester\과학계산 프로그래밍\Hw_SC\기말 과제\GitHub_upload_001\hw4_BN_QRNG\quasirand.hpp(137): message : 'quasirand::QuasiRandom::QuasiRandom' 선언을 참조하십시오.
C:\Supernova\#4_GIST\SeJunior\2nd Semester\과학계산 프로그래밍\Hw_SC\기말 과제\GitHub_upload_001\hw4_BN_QRNG\quasirand.hpp(137,56): message : 정의
C:\Supernova\#4_GIST\SeJunior\2nd Semester\과학계산 프로그래밍\Hw_SC\기말 과제\GitHub_upload_001\hw4_BN_QRNG\quasirand.hpp(137,56): message : 'quasirand::QuasiRandom::QuasiRandom(void) noexcept'
C:\Supernova\#4_GIST\SeJunior\2nd Semester\과학계산 프로그래밍\Hw_SC\기말 과제\GitHub_upload_001\hw4_BN_QRNG\quasirand.hpp(137,56): message : 기존 선언
C:\Supernova\#4_GIST\SeJunior\2nd Semester\과학계산 프로그래밍\Hw_SC\기말 과제\GitHub_upload_001\hw4_BN_QRNG\quasirand.hpp(137,56): message : 'quasirand::QuasiRandom<Dim>::QuasiRandom(void) noexcept'
C:\Supernova\#4_GIST\SeJunior\2nd Semester\과학계산 프로그래밍\Hw_SC\기말 과제\GitHub_upload_001\hw4_BN_QRNG\quasirand.hpp(148,36): error C2039: 'floating_point': 'std'의 멤버가 아닙니다.
C:\Program Files (x86)\Microsoft Visual Studio\2019\Community\VC\Tools\MSVC\14.29.30133\include\tuple(24): message : 'std' 선언을 참조하십시오.
C:\Supernova\#4_GIST\SeJunior\2nd Semester\과학계산 프로그래밍\Hw_SC\기말 과제\GitHub_upload_001\hw4_BN_QRNG\quasirand.hpp(148,51): error C2061: 구문 오류: 식별자 'floating_point'
C:\Supernova\#4_GIST\SeJunior\2nd Semester\과학계산 프로그래밍\Hw_SC\기말 과제\GitHub_upload_001\hw4_BN_QRNG\quasirand.hpp(149,22): error C2065: 'RealType': 선언되지 않은 식별자입니다.
C:\Supernova\#4_GIST\SeJunior\2nd Semester\과학계산 프로그래밍\Hw_SC\기말 과제\GitHub_upload_001\hw4_BN_QRNG\quasirand.hpp(149,44): error C2988: 템플릿 선언/정의를 인식할 수 없습니다.
C:\Supernova\#4_GIST\SeJunior\2nd Semester\과학계산 프로그래밍\Hw_SC\기말 과제\GitHub_upload_001\hw4_BN_QRNG\quasirand.hpp(149,44): error C2059: 구문 오류: '('
C:\Supernova\#4_GIST\SeJunior\2nd Semester\과학계산 프로그래밍\Hw_SC\기말 과제\GitHub_upload_001\hw4_BN_QRNG\quasirand.hpp(150,19): error C4430: 형식 지정자가 없습니다. int로 가정합니다. 참고: C++에서는 기본 int를 지원하지 않습니다.
C:\Supernova\#4_GIST\SeJunior\2nd Semester\과학계산 프로그래밍\Hw_SC\기말 과제\GitHub_upload_001\hw4_BN_QRNG\quasirand.hpp(150,15): error C2065: 'seed': 선언되지 않은 식별자입니다.
C:\Supernova\#4_GIST\SeJunior\2nd Semester\과학계산 프로그래밍\Hw_SC\기말 과제\GitHub_upload_001\hw4_BN_QRNG\quasirand.hpp(151,5): error C2988: 템플릿 선언/정의를 인식할 수 없습니다.
C:\Supernova\#4_GIST\SeJunior\2nd Semester\과학계산 프로그래밍\Hw_SC\기말 과제\GitHub_upload_001\hw4_BN_QRNG\quasirand.hpp(151,5): error C2059: 구문 오류: '{'
C:\Supernova\#4_GIST\SeJunior\2nd Semester\과학계산 프로그래밍\Hw_SC\기말 과제\GitHub_upload_001\hw4_BN_QRNG\quasirand.hpp(151,5): error C2143: 구문 오류: ';'이(가) '{' 앞에 없습니다.
C:\Supernova\#4_GIST\SeJunior\2nd Semester\과학계산 프로그래밍\Hw_SC\기말 과제\GitHub_upload_001\hw4_BN_QRNG\quasirand.hpp(151,5): error C2447: '{': 함수 헤더가 없습니다. 이전 스타일의 형식 목록입니까?
C:\Supernova\#4_GIST\SeJunior\2nd Semester\과학계산 프로그래밍\Hw_SC\기말 과제\GitHub_upload_001\hw4_BN_QRNG\quasirand.hpp(162,36): error C2039: 'floating_point': 'std'의 멤버가 아닙니다.
C:\Program Files (x86)\Microsoft Visual Studio\2019\Community\VC\Tools\MSVC\14.29.30133\include\tuple(24): message : 'std' 선언을 참조하십시오.
C:\Supernova\#4_GIST\SeJunior\2nd Semester\과학계산 프로그래밍\Hw_SC\기말 과제\GitHub_upload_001\hw4_BN_QRNG\quasirand.hpp(162,51): error C2061: 구문 오류: 식별자 'floating_point'
C:\Supernova\#4_GIST\SeJunior\2nd Semester\과학계산 프로그래밍\Hw_SC\기말 과제\GitHub_upload_001\hw4_BN_QRNG\quasirand.hpp(163,37): error C2065: 'RealType': 선언되지 않은 식별자입니다.
C:\Supernova\#4_GIST\SeJunior\2nd Semester\과학계산 프로그래밍\Hw_SC\기말 과제\GitHub_upload_001\hw4_BN_QRNG\quasirand.hpp(164,5): error C2244: 'quasirand::QuasiRandom::operator ()': 함수 정의를 기존 선언과 일치시킬 수 없습니다.
C:\Supernova\#4_GIST\SeJunior\2nd Semester\과학계산 프로그래밍\Hw_SC\기말 과제\GitHub_upload_001\hw4_BN_QRNG\quasirand.hpp(163): message : 'quasirand::QuasiRandom::operator ()' 선언을 참조하십시오.
C:\Supernova\#4_GIST\SeJunior\2nd Semester\과학계산 프로그래밍\Hw_SC\기말 과제\GitHub_upload_001\hw4_BN_QRNG\quasirand.hpp(164,5): message : 정의
C:\Supernova\#4_GIST\SeJunior\2nd Semester\과학계산 프로그래밍\Hw_SC\기말 과제\GitHub_upload_001\hw4_BN_QRNG\quasirand.hpp(164,5): message : 'quasirand::QuasiRandom<Dim>::result_type quasirand::QuasiRandom::operator ()(void) noexcept'
C:\Supernova\#4_GIST\SeJunior\2nd Semester\과학계산 프로그래밍\Hw_SC\기말 과제\GitHub_upload_001\hw4_BN_QRNG\quasirand.hpp(164,5): message : 기존 선언
C:\Supernova\#4_GIST\SeJunior\2nd Semester\과학계산 프로그래밍\Hw_SC\기말 과제\GitHub_upload_001\hw4_BN_QRNG\quasirand.hpp(164,5): message : 'quasirand::QuasiRandom<Dim>::result_type quasirand::QuasiRandom<Dim>::operator ()(quasirand::QuasiRandom<Dim>::size_type) noexcept const'
C:\Supernova\#4_GIST\SeJunior\2nd Semester\과학계산 프로그래밍\Hw_SC\기말 과제\GitHub_upload_001\hw4_BN_QRNG\quasirand.hpp(164,5): message : 'quasirand::QuasiRandom<Dim>::result_type quasirand::QuasiRandom<Dim>::operator ()(void) noexcept'
C:\Supernova\#4_GIST\SeJunior\2nd Semester\과학계산 프로그래밍\Hw_SC\기말 과제\GitHub_upload_001\hw4_BN_QRNG\quasirand.hpp(174,36): error C2039: 'floating_point': 'std'의 멤버가 아닙니다.
C:\Program Files (x86)\Microsoft Visual Studio\2019\Community\VC\Tools\MSVC\14.29.30133\include\tuple(24): message : 'std' 선언을 참조하십시오.
C:\Supernova\#4_GIST\SeJunior\2nd Semester\과학계산 프로그래밍\Hw_SC\기말 과제\GitHub_upload_001\hw4_BN_QRNG\quasirand.hpp(174,51): error C2061: 구문 오류: 식별자 'floating_point'
C:\Supernova\#4_GIST\SeJunior\2nd Semester\과학계산 프로그래밍\Hw_SC\기말 과제\GitHub_upload_001\hw4_BN_QRNG\quasirand.hpp(175,37): error C2065: 'RealType': 선언되지 않은 식별자입니다.
C:\Supernova\#4_GIST\SeJunior\2nd Semester\과학계산 프로그래밍\Hw_SC\기말 과제\GitHub_upload_001\hw4_BN_QRNG\quasirand.hpp(176,5): error C2244: 'quasirand::QuasiRandom::operator ()': 함수 정의를 기존 선언과 일치시킬 수 없습니다.
C:\Supernova\#4_GIST\SeJunior\2nd Semester\과학계산 프로그래밍\Hw_SC\기말 과제\GitHub_upload_001\hw4_BN_QRNG\quasirand.hpp(175): message : 'quasirand::QuasiRandom::operator ()' 선언을 참조하십시오.
C:\Supernova\#4_GIST\SeJunior\2nd Semester\과학계산 프로그래밍\Hw_SC\기말 과제\GitHub_upload_001\hw4_BN_QRNG\quasirand.hpp(176,5): message : 정의
C:\Supernova\#4_GIST\SeJunior\2nd Semester\과학계산 프로그래밍\Hw_SC\기말 과제\GitHub_upload_001\hw4_BN_QRNG\quasirand.hpp(176,5): message : 'quasirand::QuasiRandom<Dim>::result_type quasirand::QuasiRandom::operator ()(quasirand::QuasiRandom<Dim>::size_type) noexcept const'
C:\Supernova\#4_GIST\SeJunior\2nd Semester\과학계산 프로그래밍\Hw_SC\기말 과제\GitHub_upload_001\hw4_BN_QRNG\quasirand.hpp(176,5): message : 기존 선언
C:\Supernova\#4_GIST\SeJunior\2nd Semester\과학계산 프로그래밍\Hw_SC\기말 과제\GitHub_upload_001\hw4_BN_QRNG\quasirand.hpp(176,5): message : 'quasirand::QuasiRandom<Dim>::result_type quasirand::QuasiRandom<Dim>::operator ()(quasirand::QuasiRandom<Dim>::size_type) noexcept const'
C:\Supernova\#4_GIST\SeJunior\2nd Semester\과학계산 프로그래밍\Hw_SC\기말 과제\GitHub_upload_001\hw4_BN_QRNG\quasirand.hpp(176,5): message : 'quasirand::QuasiRandom<Dim>::result_type quasirand::QuasiRandom<Dim>::operator ()(void) noexcept'
C:\Supernova\#4_GIST\SeJunior\2nd Semester\과학계산 프로그래밍\Hw_SC\기말 과제\GitHub_upload_001\hw4_BN_QRNG\quasirand.hpp(188,36): error C2039: 'floating_point': 'std'의 멤버가 아닙니다.
C:\Program Files (x86)\Microsoft Visual Studio\2019\Community\VC\Tools\MSVC\14.29.30133\include\tuple(24): message : 'std' 선언을 참조하십시오.
C:\Supernova\#4_GIST\SeJunior\2nd Semester\과학계산 프로그래밍\Hw_SC\기말 과제\GitHub_upload_001\hw4_BN_QRNG\quasirand.hpp(188,51): error C2061: 구문 오류: 식별자 'floating_point'
C:\Supernova\#4_GIST\SeJunior\2nd Semester\과학계산 프로그래밍\Hw_SC\기말 과제\GitHub_upload_001\hw4_BN_QRNG\quasirand.hpp(189,37): error C2065: 'RealType': 선언되지 않은 식별자입니다.
C:\Supernova\#4_GIST\SeJunior\2nd Semester\과학계산 프로그래밍\Hw_SC\기말 과제\GitHub_upload_001\hw4_BN_QRNG\quasirand.hpp(190,5): error C2244: 'quasirand::QuasiRandom::discard': 함수 정의를 기존 선언과 일치시킬 수 없습니다.
C:\Supernova\#4_GIST\SeJunior\2nd Semester\과학계산 프로그래밍\Hw_SC\기말 과제\GitHub_upload_001\hw4_BN_QRNG\quasirand.hpp(189): message : 'quasirand::QuasiRandom::discard' 선언을 참조하십시오.
C:\Supernova\#4_GIST\SeJunior\2nd Semester\과학계산 프로그래밍\Hw_SC\기말 과제\GitHub_upload_001\hw4_BN_QRNG\quasirand.hpp(190,5): message : 정의
C:\Supernova\#4_GIST\SeJunior\2nd Semester\과학계산 프로그래밍\Hw_SC\기말 과제\GitHub_upload_001\hw4_BN_QRNG\quasirand.hpp(190,5): message : 'void quasirand::QuasiRandom::discard(quasirand::QuasiRandom<Dim>::size_type) noexcept'
C:\Supernova\#4_GIST\SeJunior\2nd Semester\과학계산 프로그래밍\Hw_SC\기말 과제\GitHub_upload_001\hw4_BN_QRNG\quasirand.hpp(190,5): message : 기존 선언
C:\Supernova\#4_GIST\SeJunior\2nd Semester\과학계산 프로그래밍\Hw_SC\기말 과제\GitHub_upload_001\hw4_BN_QRNG\quasirand.hpp(190,5): message : 'void quasirand::QuasiRandom<Dim>::discard(quasirand::QuasiRandom<Dim>::size_type) noexcept'
C:\Supernova\#4_GIST\SeJunior\2nd Semester\과학계산 프로그래밍\Hw_SC\기말 과제\GitHub_upload_001\hw4_BN_QRNG\quasirand.hpp(194,36): error C2039: 'floating_point': 'std'의 멤버가 아닙니다.
C:\Program Files (x86)\Microsoft Visual Studio\2019\Community\VC\Tools\MSVC\14.29.30133\include\tuple(24): message : 'std' 선언을 참조하십시오.
C:\Supernova\#4_GIST\SeJunior\2nd Semester\과학계산 프로그래밍\Hw_SC\기말 과제\GitHub_upload_001\hw4_BN_QRNG\quasirand.hpp(194,51): error C2061: 구문 오류: 식별자 'floating_point'
C:\Supernova\#4_GIST\SeJunior\2nd Semester\과학계산 프로그래밍\Hw_SC\기말 과제\GitHub_upload_001\hw4_BN_QRNG\quasirand.hpp(195,37): error C2065: 'RealType': 선언되지 않은 식별자입니다.
C:\Supernova\#4_GIST\SeJunior\2nd Semester\과학계산 프로그래밍\Hw_SC\기말 과제\GitHub_upload_001\hw4_BN_QRNG\quasirand.hpp(196,5): error C2244: 'quasirand::QuasiRandom::reset': 함수 정의를 기존 선언과 일치시킬 수 없습니다.
C:\Supernova\#4_GIST\SeJunior\2nd Semester\과학계산 프로그래밍\Hw_SC\기말 과제\GitHub_upload_001\hw4_BN_QRNG\quasirand.hpp(195): message : 'quasirand::QuasiRandom::reset' 선언을 참조하십시오.
C:\Supernova\#4_GIST\SeJunior\2nd Semester\과학계산 프로그래밍\Hw_SC\기말 과제\GitHub_upload_001\hw4_BN_QRNG\quasirand.hpp(196,5): message : 정의
C:\Supernova\#4_GIST\SeJunior\2nd Semester\과학계산 프로그래밍\Hw_SC\기말 과제\GitHub_upload_001\hw4_BN_QRNG\quasirand.hpp(196,5): message : 'void quasirand::QuasiRandom::reset(void) noexcept'
C:\Supernova\#4_GIST\SeJunior\2nd Semester\과학계산 프로그래밍\Hw_SC\기말 과제\GitHub_upload_001\hw4_BN_QRNG\quasirand.hpp(196,5): message : 기존 선언
C:\Supernova\#4_GIST\SeJunior\2nd Semester\과학계산 프로그래밍\Hw_SC\기말 과제\GitHub_upload_001\hw4_BN_QRNG\quasirand.hpp(196,5): message : 'void quasirand::QuasiRandom<Dim>::reset(void) noexcept'
C:\Supernova\#4_GIST\SeJunior\2nd Semester\과학계산 프로그래밍\Hw_SC\기말 과제\GitHub_upload_001\hw4_BN_QRNG\quasirand.hpp(200,36): error C2039: 'floating_point': 'std'의 멤버가 아닙니다.
C:\Program Files (x86)\Microsoft Visual Studio\2019\Community\VC\Tools\MSVC\14.29.30133\include\tuple(24): message : 'std' 선언을 참조하십시오.
C:\Supernova\#4_GIST\SeJunior\2nd Semester\과학계산 프로그래밍\Hw_SC\기말 과제\GitHub_upload_001\hw4_BN_QRNG\quasirand.hpp(200,51): error C2061: 구문 오류: 식별자 'floating_point'
C:\Supernova\#4_GIST\SeJunior\2nd Semester\과학계산 프로그래밍\Hw_SC\기말 과제\GitHub_upload_001\hw4_BN_QRNG\quasirand.hpp(201,37): error C2065: 'RealType': 선언되지 않은 식별자입니다.
C:\Supernova\#4_GIST\SeJunior\2nd Semester\과학계산 프로그래밍\Hw_SC\기말 과제\GitHub_upload_001\hw4_BN_QRNG\quasirand.hpp(201,48): error C2182: 'reset': 'void' 형식을 잘못 사용했습니다.
C:\Supernova\#4_GIST\SeJunior\2nd Semester\과학계산 프로그래밍\Hw_SC\기말 과제\GitHub_upload_001\hw4_BN_QRNG\quasirand.hpp(201,5): error C2470: 'quasirand::QuasiRandom<Dim>::reset': 함수 정의처럼 보이지만 매개 변수 목록이 없습니다. 명백한 본문을 건너뜁니다.
C:\Supernova\#4_GIST\SeJunior\2nd Semester\과학계산 프로그래밍\Hw_SC\기말 과제\GitHub_upload_001\hw4_BN_QRNG\quasirand.hpp(201,5): error C2072: 'quasirand::QuasiRandom<Dim>::reset': 함수 초기화
C:\Supernova\#4_GIST\SeJunior\2nd Semester\과학계산 프로그래밍\Hw_SC\기말 과제\GitHub_upload_001\hw4_BN_QRNG\quasirand.hpp(201,54): error C2065: 'RealType': 선언되지 않은 식별자입니다.
C:\Supernova\#4_GIST\SeJunior\2nd Semester\과학계산 프로그래밍\Hw_SC\기말 과제\GitHub_upload_001\hw4_BN_QRNG\quasirand.hpp(201,63): error C2146: 구문 오류: ')'이(가) 'new_seed' 식별자 앞에 없습니다.
C:\Supernova\#4_GIST\SeJunior\2nd Semester\과학계산 프로그래밍\Hw_SC\기말 과제\GitHub_upload_001\hw4_BN_QRNG\quasirand.hpp(202,5): error C2143: 구문 오류: ';'이(가) '{' 앞에 없습니다.
C:\Supernova\#4_GIST\SeJunior\2nd Semester\과학계산 프로그래밍\Hw_SC\기말 과제\GitHub_upload_001\hw4_BN_QRNG\quasirand.hpp(202,5): error C2447: '{': 함수 헤더가 없습니다. 이전 스타일의 형식 목록입니까?
C:\Supernova\#4_GIST\SeJunior\2nd Semester\과학계산 프로그래밍\Hw_SC\기말 과제\GitHub_upload_001\hw4_BN_QRNG\quasirand.hpp(209,36): error C2039: 'floating_point': 'std'의 멤버가 아닙니다.
C:\Program Files (x86)\Microsoft Visual Studio\2019\Community\VC\Tools\MSVC\14.29.30133\include\tuple(24): message : 'std' 선언을 참조하십시오.
C:\Supernova\#4_GIST\SeJunior\2nd Semester\과학계산 프로그래밍\Hw_SC\기말 과제\GitHub_upload_001\hw4_BN_QRNG\quasirand.hpp(209,51): error C2061: 구문 오류: 식별자 'floating_point'
C:\Supernova\#4_GIST\SeJunior\2nd Semester\과학계산 프로그래밍\Hw_SC\기말 과제\GitHub_upload_001\hw4_BN_QRNG\quasirand.hpp(210,37): error C2065: 'RealType': 선언되지 않은 식별자입니다.
C:\Supernova\#4_GIST\SeJunior\2nd Semester\과학계산 프로그래밍\Hw_SC\기말 과제\GitHub_upload_001\hw4_BN_QRNG\quasirand.hpp(211,5): error C2244: 'quasirand::QuasiRandom::dim': 함수 정의를 기존 선언과 일치시킬 수 없습니다.
C:\Supernova\#4_GIST\SeJunior\2nd Semester\과학계산 프로그래밍\Hw_SC\기말 과제\GitHub_upload_001\hw4_BN_QRNG\quasirand.hpp(210): message : 'quasirand::QuasiRandom::dim' 선언을 참조하십시오.
C:\Supernova\#4_GIST\SeJunior\2nd Semester\과학계산 프로그래밍\Hw_SC\기말 과제\GitHub_upload_001\hw4_BN_QRNG\quasirand.hpp(211,5): message : 정의
C:\Supernova\#4_GIST\SeJunior\2nd Semester\과학계산 프로그래밍\Hw_SC\기말 과제\GitHub_upload_001\hw4_BN_QRNG\quasirand.hpp(211,5): message : 'quasirand::QuasiRandom<Dim>::size_type quasirand::QuasiRandom::dim(void) noexcept const'
C:\Supernova\#4_GIST\SeJunior\2nd Semester\과학계산 프로그래밍\Hw_SC\기말 과제\GitHub_upload_001\hw4_BN_QRNG\quasirand.hpp(211,5): message : 기존 선언
C:\Supernova\#4_GIST\SeJunior\2nd Semester\과학계산 프로그래밍\Hw_SC\기말 과제\GitHub_upload_001\hw4_BN_QRNG\quasirand.hpp(211,5): message : 'quasirand::QuasiRandom<Dim>::size_type quasirand::QuasiRandom<Dim>::dim(void) noexcept const'
C:\Supernova\#4_GIST\SeJunior\2nd Semester\과학계산 프로그래밍\Hw_SC\기말 과제\GitHub_upload_001\hw4_BN_QRNG\quasirand.hpp(218,19): error C2039: 'floating_point': 'std'의 멤버가 아닙니다.
C:\Program Files (x86)\Microsoft Visual Studio\2019\Community\VC\Tools\MSVC\14.29.30133\include\tuple(24): message : 'std' 선언을 참조하십시오.
C:\Supernova\#4_GIST\SeJunior\2nd Semester\과학계산 프로그래밍\Hw_SC\기말 과제\GitHub_upload_001\hw4_BN_QRNG\quasirand.hpp(218,34): error C2061: 구문 오류: 식별자 'floating_point'
C:\Supernova\#4_GIST\SeJunior\2nd Semester\과학계산 프로그래밍\Hw_SC\기말 과제\GitHub_upload_001\hw4_BN_QRNG\quasirand.hpp(219,26): error C2065: 'RealType': 선언되지 않은 식별자입니다.
C:\Supernova\#4_GIST\SeJunior\2nd Semester\과학계산 프로그래밍\Hw_SC\기말 과제\GitHub_upload_001\hw4_BN_QRNG\quasirand.hpp(219,64): error C2061: 구문 오류: 식별자 'RealType'
C:\Supernova\#4_GIST\SeJunior\2nd Semester\과학계산 프로그래밍\Hw_SC\기말 과제\GitHub_upload_001\hw4_BN_QRNG\quasirand.hpp(219,79): error C2910: 'quasirand::QuasiRandom<Dim>::QuasiRandom': 명시적으로 특수화할 수 없습니다.
C:\Supernova\#4_GIST\SeJunior\2nd Semester\과학계산 프로그래밍\Hw_SC\기말 과제\GitHub_upload_001\hw4_BN_QRNG\quasirand.hpp(233,19): error C2039: 'floating_point': 'std'의 멤버가 아닙니다.
C:\Program Files (x86)\Microsoft Visual Studio\2019\Community\VC\Tools\MSVC\14.29.30133\include\tuple(24): message : 'std' 선언을 참조하십시오.
C:\Supernova\#4_GIST\SeJunior\2nd Semester\과학계산 프로그래밍\Hw_SC\기말 과제\GitHub_upload_001\hw4_BN_QRNG\quasirand.hpp(233,34): error C2061: 구문 오류: 식별자 'floating_point'
C:\Supernova\#4_GIST\SeJunior\2nd Semester\과학계산 프로그래밍\Hw_SC\기말 과제\GitHub_upload_001\hw4_BN_QRNG\quasirand.hpp(234,41): error C2065: 'RealType': 선언되지 않은 식별자입니다.
C:\Supernova\#4_GIST\SeJunior\2nd Semester\과학계산 프로그래밍\Hw_SC\기말 과제\GitHub_upload_001\hw4_BN_QRNG\quasirand.hpp(235,5): error C2910: 'quasirand::QuasiRandom<Dim>::operator ()': 명시적으로 특수화할 수 없습니다.
C:\Supernova\#4_GIST\SeJunior\2nd Semester\과학계산 프로그래밍\Hw_SC\기말 과제\GitHub_upload_001\hw4_BN_QRNG\quasirand.hpp(245,19): error C2039: 'floating_point': 'std'의 멤버가 아닙니다.
C:\Program Files (x86)\Microsoft Visual Studio\2019\Community\VC\Tools\MSVC\14.29.30133\include\tuple(24): message : 'std' 선언을 참조하십시오.
C:\Supernova\#4_GIST\SeJunior\2nd Semester\과학계산 프로그래밍\Hw_SC\기말 과제\GitHub_upload_001\hw4_BN_QRNG\quasirand.hpp(245,34): error C2061: 구문 오류: 식별자 'floating_point'
C:\Supernova\#4_GIST\SeJunior\2nd Semester\과학계산 프로그래밍\Hw_SC\기말 과제\GitHub_upload_001\hw4_BN_QRNG\quasirand.hpp(246,41): error C2065: 'RealType': 선언되지 않은 식별자입니다.
C:\Supernova\#4_GIST\SeJunior\2nd Semester\과학계산 프로그래밍\Hw_SC\기말 과제\GitHub_upload_001\hw4_BN_QRNG\quasirand.hpp(247,5): error C2910: 'quasirand::QuasiRandom<Dim>::operator ()': 명시적으로 특수화할 수 없습니다.
C:\Supernova\#4_GIST\SeJunior\2nd Semester\과학계산 프로그래밍\Hw_SC\기말 과제\GitHub_upload_001\hw4_BN_QRNG\quasirand.hpp(259,19): error C2039: 'floating_point': 'std'의 멤버가 아닙니다.
C:\Program Files (x86)\Microsoft Visual Studio\2019\Community\VC\Tools\MSVC\14.29.30133\include\tuple(24): message : 'std' 선언을 참조하십시오.
C:\Supernova\#4_GIST\SeJunior\2nd Semester\과학계산 프로그래밍\Hw_SC\기말 과제\GitHub_upload_001\hw4_BN_QRNG\quasirand.hpp(259,34): error C2061: 구문 오류: 식별자 'floating_point'
C:\Supernova\#4_GIST\SeJunior\2nd Semester\과학계산 프로그래밍\Hw_SC\기말 과제\GitHub_upload_001\hw4_BN_QRNG\quasirand.hpp(260,41): error C2065: 'RealType': 선언되지 않은 식별자입니다.
C:\Supernova\#4_GIST\SeJunior\2nd Semester\과학계산 프로그래밍\Hw_SC\기말 과제\GitHub_upload_001\hw4_BN_QRNG\quasirand.hpp(261,5): error C2910: 'quasirand::QuasiRandom<Dim>::discard': 명시적으로 특수화할 수 없습니다.
C:\Supernova\#4_GIST\SeJunior\2nd Semester\과학계산 프로그래밍\Hw_SC\기말 과제\GitHub_upload_001\hw4_BN_QRNG\quasirand.hpp(265,19): error C2039: 'floating_point': 'std'의 멤버가 아닙니다.
C:\Program Files (x86)\Microsoft Visual Studio\2019\Community\VC\Tools\MSVC\14.29.30133\include\tuple(24): message : 'std' 선언을 참조하십시오.
C:\Supernova\#4_GIST\SeJunior\2nd Semester\과학계산 프로그래밍\Hw_SC\기말 과제\GitHub_upload_001\hw4_BN_QRNG\quasirand.hpp(265,34): error C2061: 구문 오류: 식별자 'floating_point'
C:\Supernova\#4_GIST\SeJunior\2nd Semester\과학계산 프로그래밍\Hw_SC\기말 과제\GitHub_upload_001\hw4_BN_QRNG\quasirand.hpp(266,41): error C2065: 'RealType': 선언되지 않은 식별자입니다.
C:\Supernova\#4_GIST\SeJunior\2nd Semester\과학계산 프로그래밍\Hw_SC\기말 과제\GitHub_upload_001\hw4_BN_QRNG\quasirand.hpp(266,5): fatal error C1003: 오류 수가 100개를 초과했습니다. 컴파일을 중지합니다.
